{
  level: 'debug',
  message: '{"username":"test","password":"12341234"}',
  timestamp: '2023-02-24T06:44:05.685Z'
}
{
  level: 'debug',
  message: Response {
    [Symbol(realm)]: null,
    [Symbol(state)]: {
      aborted: false,
      rangeRequested: false,
      timingAllowPassed: true,
      requestIncludesCredentials: true,
      type: 'default',
      status: 200,
      timingInfo: {
        startTime: 431539.19957300276,
        redirectStartTime: 0,
        redirectEndTime: 0,
        postRedirectStartTime: 431539.19957300276,
        finalServiceWorkerStartTime: 0,
        finalNetworkResponseStartTime: 0,
        finalNetworkRequestStartTime: 0,
        endTime: 0,
        encodedBodySize: 460,
        decodedBodySize: 460,
        finalConnectionTimingInfo: null
      },
      cacheState: '',
      statusText: '',
      headersList: HeadersList {
        cookies: null,
        [Symbol(headers map)]: Map(11) {
          'x-content-type-options' => { name: 'X-Content-Type-Options', value: 'nosniff' },
          'x-xss-protection' => { name: 'X-XSS-Protection', value: '1; mode=block' },
          'cache-control' => {
            name: 'Cache-Control',
            value: 'no-cache, no-store, max-age=0, must-revalidate'
          },
          'pragma' => { name: 'Pragma', value: 'no-cache' },
          'expires' => { name: 'Expires', value: '0' },
          'x-frame-options' => { name: 'X-Frame-Options', value: 'DENY' },
          'content-type' => { name: 'Content-Type', value: 'application/json' },
          'content-length' => { name: 'Content-Length', value: '460' },
          'date' => { name: 'Date', value: 'Fri, 24 Feb 2023 06:44:06 GMT' },
          'keep-alive' => { name: 'Keep-Alive', value: 'timeout=60' },
          'connection' => { name: 'Connection', value: 'keep-alive' }
        },
        [Symbol(headers map sorted)]: null
      },
      urlList: [
        URL {
          href: 'http://server:8080/api/user/login',
          origin: 'http://server:8080',
          protocol: 'http:',
          username: '',
          password: '',
          host: 'server:8080',
          hostname: 'server',
          port: '8080',
          pathname: '/api/user/login',
          search: '',
          searchParams: URLSearchParams {},
          hash: ''
        }
      ],
      body: {
        stream: ReadableStream { locked: false, state: 'readable', supportsBYOB: false }
      }
    },
    [Symbol(headers)]: HeadersList {
      cookies: null,
      [Symbol(headers map)]: Map(11) {
        'x-content-type-options' => { name: 'X-Content-Type-Options', value: 'nosniff' },
        'x-xss-protection' => { name: 'X-XSS-Protection', value: '1; mode=block' },
        'cache-control' => {
          name: 'Cache-Control',
          value: 'no-cache, no-store, max-age=0, must-revalidate'
        },
        'pragma' => { name: 'Pragma', value: 'no-cache' },
        'expires' => { name: 'Expires', value: '0' },
        'x-frame-options' => { name: 'X-Frame-Options', value: 'DENY' },
        'content-type' => { name: 'Content-Type', value: 'application/json' },
        'content-length' => { name: 'Content-Length', value: '460' },
        'date' => { name: 'Date', value: 'Fri, 24 Feb 2023 06:44:06 GMT' },
        'keep-alive' => { name: 'Keep-Alive', value: 'timeout=60' },
        'connection' => { name: 'Connection', value: 'keep-alive' }
      },
      [Symbol(headers map sorted)]: null
    }
  },
  timestamp: '2023-02-24T06:44:06.106Z'
}
{
  level: 'debug',
  message: {
    code: 1,
    message: '로그인 완료',
    data: {
      access: 'eyJ0eXAiOiJKV1QiLCJhbGciOiJIUzI1NiJ9.eyJzdWIiOiJ0ZXN0Iiwicm9sZXMiOlsiUk9MRV9VU0VSIl0sImlzcyI6Imh0dHA6Ly9zZXJ2ZXI6ODA4MC9hcGkvdXNlci9sb2dpbiIsImV4cCI6MTY3NzIyMTY0Nn0.ih-s7yji3AHW7cziZjSS07lNAtwWI2YMiuhPOAmvGC0',
      refresh: 'eyJ0eXAiOiJKV1QiLCJhbGciOiJIUzI1NiJ9.eyJzdWIiOiJ0ZXN0IiwiaXNzIjoiaHR0cDovL3NlcnZlcjo4MDgwL2FwaS91c2VyL2xvZ2luIiwiZXhwIjoxNjc3MjIyODQ2fQ.JxMX0Tb12_emMyP5AiY-Q9iKMOGtp5OhBolRiNo3AUk'
    }
  },
  timestamp: '2023-02-24T06:44:06.110Z'
}
{
  level: 'debug',
  message: '{"username":"test","password":"12341234"}',
  timestamp: '2023-02-24T06:47:07.618Z'
}
{
  level: 'debug',
  message: Response {
    [Symbol(realm)]: null,
    [Symbol(state)]: {
      aborted: false,
      rangeRequested: false,
      timingAllowPassed: true,
      requestIncludesCredentials: true,
      type: 'default',
      status: 200,
      timingInfo: {
        startTime: 613472.4005319998,
        redirectStartTime: 0,
        redirectEndTime: 0,
        postRedirectStartTime: 613472.4005319998,
        finalServiceWorkerStartTime: 0,
        finalNetworkResponseStartTime: 0,
        finalNetworkRequestStartTime: 0,
        endTime: 0,
        encodedBodySize: 460,
        decodedBodySize: 460,
        finalConnectionTimingInfo: null
      },
      cacheState: '',
      statusText: '',
      headersList: HeadersList {
        cookies: null,
        [Symbol(headers map)]: Map(11) {
          'x-content-type-options' => { name: 'X-Content-Type-Options', value: 'nosniff' },
          'x-xss-protection' => { name: 'X-XSS-Protection', value: '1; mode=block' },
          'cache-control' => {
            name: 'Cache-Control',
            value: 'no-cache, no-store, max-age=0, must-revalidate'
          },
          'pragma' => { name: 'Pragma', value: 'no-cache' },
          'expires' => { name: 'Expires', value: '0' },
          'x-frame-options' => { name: 'X-Frame-Options', value: 'DENY' },
          'content-type' => { name: 'Content-Type', value: 'application/json' },
          'content-length' => { name: 'Content-Length', value: '460' },
          'date' => { name: 'Date', value: 'Fri, 24 Feb 2023 06:47:07 GMT' },
          'keep-alive' => { name: 'Keep-Alive', value: 'timeout=60' },
          'connection' => { name: 'Connection', value: 'keep-alive' }
        },
        [Symbol(headers map sorted)]: null
      },
      urlList: [
        URL {
          href: 'http://server:8080/api/user/login',
          origin: 'http://server:8080',
          protocol: 'http:',
          username: '',
          password: '',
          host: 'server:8080',
          hostname: 'server',
          port: '8080',
          pathname: '/api/user/login',
          search: '',
          searchParams: URLSearchParams {},
          hash: ''
        }
      ],
      body: {
        stream: ReadableStream { locked: false, state: 'readable', supportsBYOB: false }
      }
    },
    [Symbol(headers)]: HeadersList {
      cookies: null,
      [Symbol(headers map)]: Map(11) {
        'x-content-type-options' => { name: 'X-Content-Type-Options', value: 'nosniff' },
        'x-xss-protection' => { name: 'X-XSS-Protection', value: '1; mode=block' },
        'cache-control' => {
          name: 'Cache-Control',
          value: 'no-cache, no-store, max-age=0, must-revalidate'
        },
        'pragma' => { name: 'Pragma', value: 'no-cache' },
        'expires' => { name: 'Expires', value: '0' },
        'x-frame-options' => { name: 'X-Frame-Options', value: 'DENY' },
        'content-type' => { name: 'Content-Type', value: 'application/json' },
        'content-length' => { name: 'Content-Length', value: '460' },
        'date' => { name: 'Date', value: 'Fri, 24 Feb 2023 06:47:07 GMT' },
        'keep-alive' => { name: 'Keep-Alive', value: 'timeout=60' },
        'connection' => { name: 'Connection', value: 'keep-alive' }
      },
      [Symbol(headers map sorted)]: null
    }
  },
  timestamp: '2023-02-24T06:47:07.825Z'
}
{
  level: 'debug',
  message: {
    code: 1,
    message: '로그인 완료',
    data: {
      access: 'eyJ0eXAiOiJKV1QiLCJhbGciOiJIUzI1NiJ9.eyJzdWIiOiJ0ZXN0Iiwicm9sZXMiOlsiUk9MRV9VU0VSIl0sImlzcyI6Imh0dHA6Ly9zZXJ2ZXI6ODA4MC9hcGkvdXNlci9sb2dpbiIsImV4cCI6MTY3NzIyMTgyN30.S-yAzHjmtFNgw1EVV5EcKdaaY-tnfuq4pM3o3GWZS6U',
      refresh: 'eyJ0eXAiOiJKV1QiLCJhbGciOiJIUzI1NiJ9.eyJzdWIiOiJ0ZXN0IiwiaXNzIjoiaHR0cDovL3NlcnZlcjo4MDgwL2FwaS91c2VyL2xvZ2luIiwiZXhwIjoxNjc3MjIzMDI3fQ.3-B_ec893rUhY4iV-nL28pkQfKjkgKNcxfQT6XgA050'
    }
  },
  timestamp: '2023-02-24T06:47:07.830Z'
}
{
  level: 'debug',
  message: '{"username":"test","password":"12341234"}',
  timestamp: '2023-02-24T06:48:45.894Z'
}
{
  level: 'debug',
  message: Response {
    [Symbol(realm)]: null,
    [Symbol(state)]: {
      aborted: false,
      rangeRequested: false,
      timingAllowPassed: true,
      requestIncludesCredentials: true,
      type: 'default',
      status: 200,
      timingInfo: {
        startTime: 711748.828034997,
        redirectStartTime: 0,
        redirectEndTime: 0,
        postRedirectStartTime: 711748.828034997,
        finalServiceWorkerStartTime: 0,
        finalNetworkResponseStartTime: 0,
        finalNetworkRequestStartTime: 0,
        endTime: 0,
        encodedBodySize: 460,
        decodedBodySize: 460,
        finalConnectionTimingInfo: null
      },
      cacheState: '',
      statusText: '',
      headersList: HeadersList {
        cookies: null,
        [Symbol(headers map)]: Map(11) {
          'x-content-type-options' => { name: 'X-Content-Type-Options', value: 'nosniff' },
          'x-xss-protection' => { name: 'X-XSS-Protection', value: '1; mode=block' },
          'cache-control' => {
            name: 'Cache-Control',
            value: 'no-cache, no-store, max-age=0, must-revalidate'
          },
          'pragma' => { name: 'Pragma', value: 'no-cache' },
          'expires' => { name: 'Expires', value: '0' },
          'x-frame-options' => { name: 'X-Frame-Options', value: 'DENY' },
          'content-type' => { name: 'Content-Type', value: 'application/json' },
          'content-length' => { name: 'Content-Length', value: '460' },
          'date' => { name: 'Date', value: 'Fri, 24 Feb 2023 06:48:46 GMT' },
          'keep-alive' => { name: 'Keep-Alive', value: 'timeout=60' },
          'connection' => { name: 'Connection', value: 'keep-alive' }
        },
        [Symbol(headers map sorted)]: null
      },
      urlList: [
        URL {
          href: 'http://server:8080/api/user/login',
          origin: 'http://server:8080',
          protocol: 'http:',
          username: '',
          password: '',
          host: 'server:8080',
          hostname: 'server',
          port: '8080',
          pathname: '/api/user/login',
          search: '',
          searchParams: URLSearchParams {},
          hash: ''
        }
      ],
      body: {
        stream: ReadableStream { locked: false, state: 'readable', supportsBYOB: false }
      }
    },
    [Symbol(headers)]: HeadersList {
      cookies: null,
      [Symbol(headers map)]: Map(11) {
        'x-content-type-options' => { name: 'X-Content-Type-Options', value: 'nosniff' },
        'x-xss-protection' => { name: 'X-XSS-Protection', value: '1; mode=block' },
        'cache-control' => {
          name: 'Cache-Control',
          value: 'no-cache, no-store, max-age=0, must-revalidate'
        },
        'pragma' => { name: 'Pragma', value: 'no-cache' },
        'expires' => { name: 'Expires', value: '0' },
        'x-frame-options' => { name: 'X-Frame-Options', value: 'DENY' },
        'content-type' => { name: 'Content-Type', value: 'application/json' },
        'content-length' => { name: 'Content-Length', value: '460' },
        'date' => { name: 'Date', value: 'Fri, 24 Feb 2023 06:48:46 GMT' },
        'keep-alive' => { name: 'Keep-Alive', value: 'timeout=60' },
        'connection' => { name: 'Connection', value: 'keep-alive' }
      },
      [Symbol(headers map sorted)]: null
    }
  },
  timestamp: '2023-02-24T06:48:46.096Z'
}
{
  level: 'debug',
  message: {
    code: 1,
    message: '로그인 완료',
    data: {
      access: 'eyJ0eXAiOiJKV1QiLCJhbGciOiJIUzI1NiJ9.eyJzdWIiOiJ0ZXN0Iiwicm9sZXMiOlsiUk9MRV9VU0VSIl0sImlzcyI6Imh0dHA6Ly9zZXJ2ZXI6ODA4MC9hcGkvdXNlci9sb2dpbiIsImV4cCI6MTY3NzIyMTkyNn0.LoC2YwRUhFjJ_O6FhcXd7pW-nrE1S51EICnC1mwuIDw',
      refresh: 'eyJ0eXAiOiJKV1QiLCJhbGciOiJIUzI1NiJ9.eyJzdWIiOiJ0ZXN0IiwiaXNzIjoiaHR0cDovL3NlcnZlcjo4MDgwL2FwaS91c2VyL2xvZ2luIiwiZXhwIjoxNjc3MjIzMTI2fQ.fop17T2JDZaWoHmHpZagJ7BYX0MExZXuDFGB9oXSaD8'
    }
  },
  timestamp: '2023-02-24T06:48:46.099Z'
}
